<?xml version="1.0" encoding="UTF-8"?>
<testng-results ignored="0" total="1" passed="1" failed="0" skipped="0">
  <reporter-output>
    <line>
      <![CDATA[creatingLinting---> Execution starts]]>
    </line>
    <line>
      <![CDATA[creatingLinting-->TestScript executed succesfully]]>
    </line>
  </reporter-output>
  <suite started-at="2024-12-01T06:57:28 IST" name="Default suite" finished-at="2024-12-01T06:58:09 IST" duration-ms="41178">
    <groups>
    </groups>
    <test started-at="2024-12-01T06:57:28 IST" name="Default test" finished-at="2024-12-01T06:58:09 IST" duration-ms="41178">
      <class name="com.ApiWizProject.CreatingApiLinting">
        <test-method is-config="true" signature="launchBrowser()[pri:0, instance:com.ApiWizProject.CreatingApiLinting@2d901eb0]" started-at="2024-12-01T06:57:28 IST" name="launchBrowser" finished-at="2024-12-01T06:57:38 IST" duration-ms="9698" status="PASS">
          <reporter-output>
          </reporter-output>
        </test-method> <!-- launchBrowser -->
        <test-method is-config="true" signature="loginToApp()[pri:0, instance:com.ApiWizProject.CreatingApiLinting@2d901eb0]" started-at="2024-12-01T06:57:38 IST" name="loginToApp" finished-at="2024-12-01T06:57:39 IST" duration-ms="789" status="PASS">
          <reporter-output>
          </reporter-output>
        </test-method> <!-- loginToApp -->
        <test-method signature="creatingLinting()[pri:0, instance:com.ApiWizProject.CreatingApiLinting@2d901eb0]" started-at="2024-12-01T06:57:39 IST" name="creatingLinting" finished-at="2024-12-01T06:58:09 IST" duration-ms="30129" status="PASS">
          <reporter-output>
            <line>
              <![CDATA[creatingLinting---> Execution starts]]>
            </line>
            <line>
              <![CDATA[creatingLinting-->TestScript executed succesfully]]>
            </line>
          </reporter-output>
        </test-method> <!-- creatingLinting -->
      </class> <!-- com.ApiWizProject.CreatingApiLinting -->
    </test> <!-- Default test -->
  </suite> <!-- Default suite -->
</testng-results>
